<?xml version="1.0" encoding="UTF-8"?>
<coverage generated="1763519372058" clover="3.2.0">
  <project timestamp="1763519372058" name="All files">
    <metrics statements="50" coveredstatements="46" conditionals="54" coveredconditionals="50" methods="5" coveredmethods="3" elements="109" coveredelements="99" complexity="0" loc="50" ncloc="50" packages="1" files="4" classes="4"/>
    <file name="authService.js" path="D:\SoftwareTest\ass2\Doan_GK\frontend\src\utils\authService.js">
      <metrics statements="3" coveredstatements="0" conditionals="4" coveredconditionals="0" methods="1" coveredmethods="0"/>
      <line num="5" count="0" type="cond" truecount="0" falsecount="4"/>
      <line num="6" count="0" type="stmt"/>
      <line num="8" count="0" type="stmt"/>
    </file>
    <file name="productService.js" path="D:\SoftwareTest\ass2\Doan_GK\frontend\src\utils\productService.js">
      <metrics statements="1" coveredstatements="0" conditionals="0" coveredconditionals="0" methods="1" coveredmethods="0"/>
      <line num="5" count="0" type="stmt"/>
    </file>
    <file name="productValidation.js" path="D:\SoftwareTest\ass2\Doan_GK\frontend\src\utils\productValidation.js">
      <metrics statements="21" coveredstatements="21" conditionals="24" coveredconditionals="24" methods="1" coveredmethods="1"/>
      <line num="3" count="1" type="stmt"/>
      <line num="6" count="11" type="stmt"/>
      <line num="9" count="11" type="cond" truecount="4" falsecount="0"/>
      <line num="10" count="1" type="stmt"/>
      <line num="11" count="10" type="cond" truecount="2" falsecount="0"/>
      <line num="12" count="1" type="stmt"/>
      <line num="13" count="9" type="cond" truecount="2" falsecount="0"/>
      <line num="14" count="1" type="stmt"/>
      <line num="18" count="11" type="cond" truecount="2" falsecount="0"/>
      <line num="19" count="2" type="stmt"/>
      <line num="20" count="9" type="cond" truecount="2" falsecount="0"/>
      <line num="21" count="1" type="stmt"/>
      <line num="25" count="11" type="cond" truecount="2" falsecount="0"/>
      <line num="26" count="1" type="stmt"/>
      <line num="27" count="10" type="cond" truecount="2" falsecount="0"/>
      <line num="28" count="1" type="stmt"/>
      <line num="32" count="11" type="cond" truecount="4" falsecount="0"/>
      <line num="33" count="1" type="stmt"/>
      <line num="37" count="11" type="cond" truecount="4" falsecount="0"/>
      <line num="38" count="1" type="stmt"/>
      <line num="41" count="11" type="stmt"/>
    </file>
    <file name="validation.js" path="D:\SoftwareTest\ass2\Doan_GK\frontend\src\utils\validation.js">
      <metrics statements="25" coveredstatements="25" conditionals="26" coveredconditionals="26" methods="2" coveredmethods="2"/>
      <line num="5" count="12" type="cond" truecount="4" falsecount="0"/>
      <line num="6" count="1" type="stmt"/>
      <line num="10" count="11" type="cond" truecount="2" falsecount="0"/>
      <line num="11" count="1" type="stmt"/>
      <line num="15" count="10" type="cond" truecount="2" falsecount="0"/>
      <line num="16" count="1" type="stmt"/>
      <line num="20" count="9" type="cond" truecount="2" falsecount="0"/>
      <line num="21" count="1" type="stmt"/>
      <line num="25" count="8" type="stmt"/>
      <line num="26" count="8" type="cond" truecount="2" falsecount="0"/>
      <line num="27" count="2" type="stmt"/>
      <line num="30" count="6" type="stmt"/>
      <line num="35" count="10" type="cond" truecount="4" falsecount="0"/>
      <line num="36" count="1" type="stmt"/>
      <line num="40" count="9" type="cond" truecount="2" falsecount="0"/>
      <line num="41" count="1" type="stmt"/>
      <line num="45" count="8" type="cond" truecount="2" falsecount="0"/>
      <line num="46" count="1" type="stmt"/>
      <line num="50" count="7" type="cond" truecount="2" falsecount="0"/>
      <line num="51" count="1" type="stmt"/>
      <line num="55" count="6" type="stmt"/>
      <line num="56" count="6" type="stmt"/>
      <line num="58" count="6" type="cond" truecount="4" falsecount="0"/>
      <line num="59" count="2" type="stmt"/>
      <line num="62" count="4" type="stmt"/>
    </file>
  </project>
</coverage>
