{"D:\\sinh vien\\Software Testing\\FLogin_Nhom5_KTPM\\frontend\\src\\components\\Login.jsx": {"path":"D:\\sinh vien\\Software Testing\\FLogin_Nhom5_KTPM\\frontend\\src\\components\\Login.jsx","statementMap":{"0":{"start":{"line":8,"column":34},"end":{"line":8,"column":46}},"1":{"start":{"line":9,"column":34},"end":{"line":9,"column":46}},"2":{"start":{"line":10,"column":30},"end":{"line":10,"column":42}},"3":{"start":{"line":11,"column":32},"end":{"line":11,"column":44}},"4":{"start":{"line":12,"column":32},"end":{"line":12,"column":47}},"5":{"start":{"line":14,"column":23},"end":{"line":46,"column":3}},"6":{"start":{"line":15,"column":4},"end":{"line":15,"column":23}},"7":{"start":{"line":18,"column":4},"end":{"line":18,"column":18}},"8":{"start":{"line":19,"column":4},"end":{"line":19,"column":19}},"9":{"start":{"line":22,"column":26},"end":{"line":22,"column":52}},"10":{"start":{"line":23,"column":26},"end":{"line":23,"column":52}},"11":{"start":{"line":25,"column":4},"end":{"line":31,"column":5}},"12":{"start":{"line":26,"column":6},"end":{"line":29,"column":9}},"13":{"start":{"line":30,"column":6},"end":{"line":30,"column":13}},"14":{"start":{"line":34,"column":4},"end":{"line":34,"column":21}},"15":{"start":{"line":35,"column":4},"end":{"line":45,"column":5}},"16":{"start":{"line":36,"column":23},"end":{"line":36,"column":58}},"17":{"start":{"line":37,"column":6},"end":{"line":37,"column":42}},"18":{"start":{"line":38,"column":6},"end":{"line":40,"column":7}},"19":{"start":{"line":39,"column":8},"end":{"line":39,"column":33}},"20":{"start":{"line":42,"column":6},"end":{"line":42,"column":68}},"21":{"start":{"line":44,"column":6},"end":{"line":44,"column":24}},"22":{"start":{"line":48,"column":2},"end":{"line":112,"column":4}},"23":{"start":{"line":60,"column":31},"end":{"line":60,"column":58}},"24":{"start":{"line":78,"column":31},"end":{"line":78,"column":58}}},"fnMap":{"0":{"name":"Login","decl":{"start":{"line":7,"column":9},"end":{"line":7,"column":14}},"loc":{"start":{"line":7,"column":35},"end":{"line":113,"column":1}},"line":7},"1":{"name":"(anonymous_1)","decl":{"start":{"line":14,"column":23},"end":{"line":14,"column":24}},"loc":{"start":{"line":14,"column":36},"end":{"line":46,"column":3}},"line":14},"2":{"name":"(anonymous_2)","decl":{"start":{"line":60,"column":24},"end":{"line":60,"column":25}},"loc":{"start":{"line":60,"column":31},"end":{"line":60,"column":58}},"line":60},"3":{"name":"(anonymous_3)","decl":{"start":{"line":78,"column":24},"end":{"line":78,"column":25}},"loc":{"start":{"line":78,"column":31},"end":{"line":78,"column":58}},"line":78}},"branchMap":{"0":{"loc":{"start":{"line":25,"column":4},"end":{"line":31,"column":5}},"type":"if","locations":[{"start":{"line":25,"column":4},"end":{"line":31,"column":5}},{"start":{},"end":{}}],"line":25},"1":{"loc":{"start":{"line":25,"column":8},"end":{"line":25,"column":56}},"type":"binary-expr","locations":[{"start":{"line":25,"column":8},"end":{"line":25,"column":30}},{"start":{"line":25,"column":34},"end":{"line":25,"column":56}}],"line":25},"2":{"loc":{"start":{"line":27,"column":18},"end":{"line":27,"column":61}},"type":"cond-expr","locations":[{"start":{"line":27,"column":43},"end":{"line":27,"column":56}},{"start":{"line":27,"column":59},"end":{"line":27,"column":61}}],"line":27},"3":{"loc":{"start":{"line":28,"column":18},"end":{"line":28,"column":61}},"type":"cond-expr","locations":[{"start":{"line":28,"column":43},"end":{"line":28,"column":56}},{"start":{"line":28,"column":59},"end":{"line":28,"column":61}}],"line":28},"4":{"loc":{"start":{"line":38,"column":6},"end":{"line":40,"column":7}},"type":"if","locations":[{"start":{"line":38,"column":6},"end":{"line":40,"column":7}},{"start":{},"end":{}}],"line":38},"5":{"loc":{"start":{"line":42,"column":27},"end":{"line":42,"column":64}},"type":"binary-expr","locations":[{"start":{"line":42,"column":27},"end":{"line":42,"column":40}},{"start":{"line":42,"column":44},"end":{"line":42,"column":64}}],"line":42},"6":{"loc":{"start":{"line":64,"column":13},"end":{"line":68,"column":13}},"type":"binary-expr","locations":[{"start":{"line":64,"column":13},"end":{"line":64,"column":28}},{"start":{"line":65,"column":14},"end":{"line":67,"column":21}}],"line":64},"7":{"loc":{"start":{"line":82,"column":13},"end":{"line":86,"column":13}},"type":"binary-expr","locations":[{"start":{"line":82,"column":13},"end":{"line":82,"column":28}},{"start":{"line":83,"column":14},"end":{"line":85,"column":21}}],"line":82},"8":{"loc":{"start":{"line":89,"column":11},"end":{"line":93,"column":11}},"type":"binary-expr","locations":[{"start":{"line":89,"column":11},"end":{"line":89,"column":25}},{"start":{"line":90,"column":12},"end":{"line":92,"column":18}}],"line":89},"9":{"loc":{"start":{"line":95,"column":11},"end":{"line":99,"column":11}},"type":"binary-expr","locations":[{"start":{"line":95,"column":11},"end":{"line":95,"column":18}},{"start":{"line":96,"column":12},"end":{"line":98,"column":18}}],"line":95},"10":{"loc":{"start":{"line":107,"column":13},"end":{"line":107,"column":52}},"type":"cond-expr","locations":[{"start":{"line":107,"column":23},"end":{"line":107,"column":38}},{"start":{"line":107,"column":41},"end":{"line":107,"column":52}}],"line":107}},"s":{"0":32,"1":32,"2":32,"3":32,"4":32,"5":32,"6":9,"7":9,"8":9,"9":9,"10":9,"11":9,"12":8,"13":8,"14":1,"15":1,"16":1,"17":0,"18":0,"19":0,"20":1,"21":1,"22":32,"23":7,"24":6},"f":{"0":32,"1":9,"2":7,"3":6},"b":{"0":[8,1],"1":[9,4],"2":[5,3],"3":[5,3],"4":[0,0],"5":[1,0],"6":[32,6],"7":[32,6],"8":[32,0],"9":[32,0],"10":[1,31]},"_coverageSchema":"1a1c01bbd47fc00a2c39e90264f33305004495a9","hash":"33a63943fc92906375a940176d804e575f7a3cd8"}
,"D:\\sinh vien\\Software Testing\\FLogin_Nhom5_KTPM\\frontend\\src\\components\\ProductForm.jsx": {"path":"D:\\sinh vien\\Software Testing\\FLogin_Nhom5_KTPM\\frontend\\src\\components\\ProductForm.jsx","statementMap":{"0":{"start":{"line":8,"column":32},"end":{"line":14,"column":4}},"1":{"start":{"line":15,"column":30},"end":{"line":15,"column":42}},"2":{"start":{"line":16,"column":32},"end":{"line":16,"column":44}},"3":{"start":{"line":17,"column":32},"end":{"line":17,"column":47}},"4":{"start":{"line":19,"column":21},"end":{"line":19,"column":73}},"5":{"start":{"line":21,"column":23},"end":{"line":31,"column":3}},"6":{"start":{"line":22,"column":28},"end":{"line":22,"column":36}},"7":{"start":{"line":23,"column":4},"end":{"line":26,"column":8}},"8":{"start":{"line":23,"column":24},"end":{"line":26,"column":5}},"9":{"start":{"line":28,"column":4},"end":{"line":30,"column":5}},"10":{"start":{"line":29,"column":6},"end":{"line":29,"column":51}},"11":{"start":{"line":29,"column":25},"end":{"line":29,"column":48}},"12":{"start":{"line":33,"column":23},"end":{"line":76,"column":3}},"13":{"start":{"line":34,"column":4},"end":{"line":34,"column":23}},"14":{"start":{"line":37,"column":4},"end":{"line":37,"column":18}},"15":{"start":{"line":38,"column":4},"end":{"line":38,"column":19}},"16":{"start":{"line":41,"column":30},"end":{"line":45,"column":5}},"17":{"start":{"line":48,"column":29},"end":{"line":48,"column":63}},"18":{"start":{"line":50,"column":4},"end":{"line":53,"column":5}},"19":{"start":{"line":51,"column":6},"end":{"line":51,"column":34}},"20":{"start":{"line":52,"column":6},"end":{"line":52,"column":13}},"21":{"start":{"line":56,"column":4},"end":{"line":56,"column":21}},"22":{"start":{"line":57,"column":4},"end":{"line":75,"column":5}},"23":{"start":{"line":58,"column":23},"end":{"line":58,"column":61}},"24":{"start":{"line":59,"column":6},"end":{"line":59,"column":46}},"25":{"start":{"line":61,"column":6},"end":{"line":67,"column":9}},"26":{"start":{"line":68,"column":6},"end":{"line":70,"column":7}},"27":{"start":{"line":69,"column":8},"end":{"line":69,"column":35}},"28":{"start":{"line":72,"column":6},"end":{"line":72,"column":72}},"29":{"start":{"line":74,"column":6},"end":{"line":74,"column":24}},"30":{"start":{"line":78,"column":2},"end":{"line":202,"column":4}},"31":{"start":{"line":151,"column":14},"end":{"line":151,"column":58}}},"fnMap":{"0":{"name":"ProductForm","decl":{"start":{"line":7,"column":9},"end":{"line":7,"column":20}},"loc":{"start":{"line":7,"column":43},"end":{"line":203,"column":1}},"line":7},"1":{"name":"(anonymous_1)","decl":{"start":{"line":21,"column":23},"end":{"line":21,"column":24}},"loc":{"start":{"line":21,"column":30},"end":{"line":31,"column":3}},"line":21},"2":{"name":"(anonymous_2)","decl":{"start":{"line":23,"column":15},"end":{"line":23,"column":16}},"loc":{"start":{"line":23,"column":24},"end":{"line":26,"column":5}},"line":23},"3":{"name":"(anonymous_3)","decl":{"start":{"line":29,"column":16},"end":{"line":29,"column":17}},"loc":{"start":{"line":29,"column":25},"end":{"line":29,"column":48}},"line":29},"4":{"name":"(anonymous_4)","decl":{"start":{"line":33,"column":23},"end":{"line":33,"column":24}},"loc":{"start":{"line":33,"column":36},"end":{"line":76,"column":3}},"line":33},"5":{"name":"(anonymous_5)","decl":{"start":{"line":150,"column":28},"end":{"line":150,"column":29}},"loc":{"start":{"line":151,"column":14},"end":{"line":151,"column":58}},"line":151}},"branchMap":{"0":{"loc":{"start":{"line":28,"column":4},"end":{"line":30,"column":5}},"type":"if","locations":[{"start":{"line":28,"column":4},"end":{"line":30,"column":5}},{"start":{},"end":{}}],"line":28},"1":{"loc":{"start":{"line":50,"column":4},"end":{"line":53,"column":5}},"type":"if","locations":[{"start":{"line":50,"column":4},"end":{"line":53,"column":5}},{"start":{},"end":{}}],"line":50},"2":{"loc":{"start":{"line":68,"column":6},"end":{"line":70,"column":7}},"type":"if","locations":[{"start":{"line":68,"column":6},"end":{"line":70,"column":7}},{"start":{},"end":{}}],"line":68},"3":{"loc":{"start":{"line":72,"column":27},"end":{"line":72,"column":68}},"type":"binary-expr","locations":[{"start":{"line":72,"column":27},"end":{"line":72,"column":40}},{"start":{"line":72,"column":44},"end":{"line":72,"column":68}}],"line":72},"4":{"loc":{"start":{"line":94,"column":11},"end":{"line":98,"column":11}},"type":"binary-expr","locations":[{"start":{"line":94,"column":11},"end":{"line":94,"column":22}},{"start":{"line":95,"column":12},"end":{"line":97,"column":19}}],"line":94},"5":{"loc":{"start":{"line":113,"column":11},"end":{"line":117,"column":11}},"type":"binary-expr","locations":[{"start":{"line":113,"column":11},"end":{"line":113,"column":23}},{"start":{"line":114,"column":12},"end":{"line":116,"column":19}}],"line":113},"6":{"loc":{"start":{"line":132,"column":11},"end":{"line":136,"column":11}},"type":"binary-expr","locations":[{"start":{"line":132,"column":11},"end":{"line":132,"column":26}},{"start":{"line":133,"column":12},"end":{"line":135,"column":19}}],"line":132},"7":{"loc":{"start":{"line":154,"column":11},"end":{"line":158,"column":11}},"type":"binary-expr","locations":[{"start":{"line":154,"column":11},"end":{"line":154,"column":26}},{"start":{"line":155,"column":12},"end":{"line":157,"column":19}}],"line":154},"8":{"loc":{"start":{"line":173,"column":11},"end":{"line":177,"column":11}},"type":"binary-expr","locations":[{"start":{"line":173,"column":11},"end":{"line":173,"column":29}},{"start":{"line":174,"column":12},"end":{"line":176,"column":19}}],"line":173},"9":{"loc":{"start":{"line":180,"column":9},"end":{"line":184,"column":9}},"type":"binary-expr","locations":[{"start":{"line":180,"column":9},"end":{"line":180,"column":23}},{"start":{"line":181,"column":10},"end":{"line":183,"column":16}}],"line":180},"10":{"loc":{"start":{"line":186,"column":9},"end":{"line":190,"column":9}},"type":"binary-expr","locations":[{"start":{"line":186,"column":9},"end":{"line":186,"column":16}},{"start":{"line":187,"column":10},"end":{"line":189,"column":16}}],"line":186},"11":{"loc":{"start":{"line":198,"column":11},"end":{"line":198,"column":53}},"type":"cond-expr","locations":[{"start":{"line":198,"column":21},"end":{"line":198,"column":36}},{"start":{"line":198,"column":39},"end":{"line":198,"column":53}}],"line":198}},"s":{"0":42,"1":42,"2":42,"3":42,"4":42,"5":42,"6":22,"7":22,"8":22,"9":22,"10":1,"11":1,"12":42,"13":9,"14":9,"15":9,"16":9,"17":9,"18":9,"19":7,"20":7,"21":2,"22":2,"23":2,"24":1,"25":1,"26":1,"27":1,"28":1,"29":2,"30":42,"31":210},"f":{"0":42,"1":22,"2":22,"3":1,"4":9,"5":210},"b":{"0":[1,21],"1":[7,2],"2":[1,0],"3":[1,0],"4":[42,4],"5":[42,4],"6":[42,1],"7":[42,0],"8":[42,1],"9":[42,0],"10":[42,1],"11":[2,40]},"_coverageSchema":"1a1c01bbd47fc00a2c39e90264f33305004495a9","hash":"6122eb9bb429b0d2ae3fe392407bc89f5624d916"}
,"D:\\sinh vien\\Software Testing\\FLogin_Nhom5_KTPM\\frontend\\src\\utils\\authService.js": {"path":"D:\\sinh vien\\Software Testing\\FLogin_Nhom5_KTPM\\frontend\\src\\utils\\authService.js","statementMap":{"0":{"start":{"line":1,"column":21},"end":{"line":1,"column":48}},"1":{"start":{"line":10,"column":2},"end":{"line":37,"column":3}},"2":{"start":{"line":11,"column":21},"end":{"line":17,"column":6}},"3":{"start":{"line":19,"column":17},"end":{"line":19,"column":38}},"4":{"start":{"line":21,"column":4},"end":{"line":24,"column":5}},"5":{"start":{"line":23,"column":6},"end":{"line":23,"column":60}},"6":{"start":{"line":27,"column":4},"end":{"line":31,"column":6}},"7":{"start":{"line":34,"column":4},"end":{"line":36,"column":6}},"8":{"start":{"line":45,"column":2},"end":{"line":45,"column":57}},"9":{"start":{"line":45,"column":31},"end":{"line":45,"column":55}},"10":{"start":{"line":47,"column":2},"end":{"line":53,"column":3}},"11":{"start":{"line":48,"column":4},"end":{"line":52,"column":7}},"12":{"start":{"line":54,"column":2},"end":{"line":54,"column":60}}},"fnMap":{"0":{"name":"loginUser","decl":{"start":{"line":9,"column":22},"end":{"line":9,"column":31}},"loc":{"start":{"line":9,"column":52},"end":{"line":38,"column":1}},"line":9},"1":{"name":"loginUserMock","decl":{"start":{"line":43,"column":22},"end":{"line":43,"column":35}},"loc":{"start":{"line":43,"column":56},"end":{"line":55,"column":1}},"line":43},"2":{"name":"(anonymous_2)","decl":{"start":{"line":45,"column":20},"end":{"line":45,"column":21}},"loc":{"start":{"line":45,"column":31},"end":{"line":45,"column":55}},"line":45}},"branchMap":{"0":{"loc":{"start":{"line":21,"column":4},"end":{"line":24,"column":5}},"type":"if","locations":[{"start":{"line":21,"column":4},"end":{"line":24,"column":5}},{"start":{},"end":{}}],"line":21},"1":{"loc":{"start":{"line":23,"column":22},"end":{"line":23,"column":58}},"type":"binary-expr","locations":[{"start":{"line":23,"column":22},"end":{"line":23,"column":34}},{"start":{"line":23,"column":38},"end":{"line":23,"column":58}}],"line":23},"2":{"loc":{"start":{"line":35,"column":15},"end":{"line":35,"column":62}},"type":"binary-expr","locations":[{"start":{"line":35,"column":15},"end":{"line":35,"column":28}},{"start":{"line":35,"column":32},"end":{"line":35,"column":62}}],"line":35},"3":{"loc":{"start":{"line":47,"column":2},"end":{"line":53,"column":3}},"type":"if","locations":[{"start":{"line":47,"column":2},"end":{"line":53,"column":3}},{"start":{},"end":{}}],"line":47},"4":{"loc":{"start":{"line":47,"column":6},"end":{"line":47,"column":55}},"type":"binary-expr","locations":[{"start":{"line":47,"column":6},"end":{"line":47,"column":29}},{"start":{"line":47,"column":33},"end":{"line":47,"column":55}}],"line":47}},"s":{"0":3,"1":6,"2":6,"3":5,"4":4,"5":3,"6":1,"7":5,"8":2,"9":2,"10":2,"11":1,"12":1},"f":{"0":6,"1":2,"2":2},"b":{"0":[3,1],"1":[3,1],"2":[5,0],"3":[1,1],"4":[2,1]},"_coverageSchema":"1a1c01bbd47fc00a2c39e90264f33305004495a9","hash":"88c87b99271388577f208c677f0ead2cfd6efed8"}
,"D:\\sinh vien\\Software Testing\\FLogin_Nhom5_KTPM\\frontend\\src\\utils\\productService.js": {"path":"D:\\sinh vien\\Software Testing\\FLogin_Nhom5_KTPM\\frontend\\src\\utils\\productService.js","statementMap":{"0":{"start":{"line":3,"column":21},"end":{"line":3,"column":48}},"1":{"start":{"line":11,"column":2},"end":{"line":31,"column":3}},"2":{"start":{"line":12,"column":21},"end":{"line":18,"column":6}},"3":{"start":{"line":20,"column":17},"end":{"line":20,"column":38}},"4":{"start":{"line":22,"column":4},"end":{"line":24,"column":5}},"5":{"start":{"line":23,"column":6},"end":{"line":23,"column":63}},"6":{"start":{"line":26,"column":4},"end":{"line":26,"column":16}},"7":{"start":{"line":28,"column":4},"end":{"line":30,"column":6}},"8":{"start":{"line":39,"column":2},"end":{"line":51,"column":3}},"9":{"start":{"line":40,"column":21},"end":{"line":40,"column":60}},"10":{"start":{"line":42,"column":4},"end":{"line":44,"column":5}},"11":{"start":{"line":43,"column":6},"end":{"line":43,"column":58}},"12":{"start":{"line":46,"column":4},"end":{"line":46,"column":33}},"13":{"start":{"line":48,"column":4},"end":{"line":50,"column":6}},"14":{"start":{"line":60,"column":2},"end":{"line":75,"column":3}},"15":{"start":{"line":61,"column":21},"end":{"line":61,"column":66}},"16":{"start":{"line":63,"column":4},"end":{"line":68,"column":5}},"17":{"start":{"line":64,"column":6},"end":{"line":66,"column":7}},"18":{"start":{"line":65,"column":8},"end":{"line":65,"column":51}},"19":{"start":{"line":67,"column":6},"end":{"line":67,"column":48}},"20":{"start":{"line":70,"column":4},"end":{"line":70,"column":33}},"21":{"start":{"line":72,"column":4},"end":{"line":74,"column":6}},"22":{"start":{"line":85,"column":2},"end":{"line":106,"column":3}},"23":{"start":{"line":86,"column":21},"end":{"line":92,"column":6}},"24":{"start":{"line":94,"column":4},"end":{"line":99,"column":5}},"25":{"start":{"line":95,"column":6},"end":{"line":97,"column":7}},"26":{"start":{"line":96,"column":8},"end":{"line":96,"column":51}},"27":{"start":{"line":98,"column":6},"end":{"line":98,"column":52}},"28":{"start":{"line":101,"column":4},"end":{"line":101,"column":33}},"29":{"start":{"line":103,"column":4},"end":{"line":105,"column":6}},"30":{"start":{"line":115,"column":2},"end":{"line":132,"column":3}},"31":{"start":{"line":116,"column":21},"end":{"line":118,"column":6}},"32":{"start":{"line":120,"column":4},"end":{"line":125,"column":5}},"33":{"start":{"line":121,"column":6},"end":{"line":123,"column":7}},"34":{"start":{"line":122,"column":8},"end":{"line":122,"column":51}},"35":{"start":{"line":124,"column":6},"end":{"line":124,"column":47}},"36":{"start":{"line":127,"column":4},"end":{"line":127,"column":16}},"37":{"start":{"line":129,"column":4},"end":{"line":131,"column":6}},"38":{"start":{"line":139,"column":2},"end":{"line":139,"column":57}},"39":{"start":{"line":139,"column":31},"end":{"line":139,"column":55}},"40":{"start":{"line":140,"column":2},"end":{"line":140,"column":48}}},"fnMap":{"0":{"name":"createProduct","decl":{"start":{"line":10,"column":22},"end":{"line":10,"column":35}},"loc":{"start":{"line":10,"column":45},"end":{"line":32,"column":1}},"line":10},"1":{"name":"getProducts","decl":{"start":{"line":38,"column":22},"end":{"line":38,"column":33}},"loc":{"start":{"line":38,"column":36},"end":{"line":52,"column":1}},"line":38},"2":{"name":"getProductById","decl":{"start":{"line":59,"column":22},"end":{"line":59,"column":36}},"loc":{"start":{"line":59,"column":41},"end":{"line":76,"column":1}},"line":59},"3":{"name":"updateProduct","decl":{"start":{"line":84,"column":22},"end":{"line":84,"column":35}},"loc":{"start":{"line":84,"column":49},"end":{"line":107,"column":1}},"line":84},"4":{"name":"deleteProduct","decl":{"start":{"line":114,"column":22},"end":{"line":114,"column":35}},"loc":{"start":{"line":114,"column":40},"end":{"line":133,"column":1}},"line":114},"5":{"name":"createProductMock","decl":{"start":{"line":138,"column":22},"end":{"line":138,"column":39}},"loc":{"start":{"line":138,"column":49},"end":{"line":141,"column":1}},"line":138},"6":{"name":"(anonymous_6)","decl":{"start":{"line":139,"column":20},"end":{"line":139,"column":21}},"loc":{"start":{"line":139,"column":31},"end":{"line":139,"column":55}},"line":139}},"branchMap":{"0":{"loc":{"start":{"line":22,"column":4},"end":{"line":24,"column":5}},"type":"if","locations":[{"start":{"line":22,"column":4},"end":{"line":24,"column":5}},{"start":{},"end":{}}],"line":22},"1":{"loc":{"start":{"line":23,"column":22},"end":{"line":23,"column":61}},"type":"binary-expr","locations":[{"start":{"line":23,"column":22},"end":{"line":23,"column":34}},{"start":{"line":23,"column":38},"end":{"line":23,"column":61}}],"line":23},"2":{"loc":{"start":{"line":29,"column":15},"end":{"line":29,"column":62}},"type":"binary-expr","locations":[{"start":{"line":29,"column":15},"end":{"line":29,"column":28}},{"start":{"line":29,"column":32},"end":{"line":29,"column":62}}],"line":29},"3":{"loc":{"start":{"line":42,"column":4},"end":{"line":44,"column":5}},"type":"if","locations":[{"start":{"line":42,"column":4},"end":{"line":44,"column":5}},{"start":{},"end":{}}],"line":42},"4":{"loc":{"start":{"line":49,"column":15},"end":{"line":49,"column":62}},"type":"binary-expr","locations":[{"start":{"line":49,"column":15},"end":{"line":49,"column":28}},{"start":{"line":49,"column":32},"end":{"line":49,"column":62}}],"line":49},"5":{"loc":{"start":{"line":63,"column":4},"end":{"line":68,"column":5}},"type":"if","locations":[{"start":{"line":63,"column":4},"end":{"line":68,"column":5}},{"start":{},"end":{}}],"line":63},"6":{"loc":{"start":{"line":64,"column":6},"end":{"line":66,"column":7}},"type":"if","locations":[{"start":{"line":64,"column":6},"end":{"line":66,"column":7}},{"start":{},"end":{}}],"line":64},"7":{"loc":{"start":{"line":73,"column":15},"end":{"line":73,"column":62}},"type":"binary-expr","locations":[{"start":{"line":73,"column":15},"end":{"line":73,"column":28}},{"start":{"line":73,"column":32},"end":{"line":73,"column":62}}],"line":73},"8":{"loc":{"start":{"line":94,"column":4},"end":{"line":99,"column":5}},"type":"if","locations":[{"start":{"line":94,"column":4},"end":{"line":99,"column":5}},{"start":{},"end":{}}],"line":94},"9":{"loc":{"start":{"line":95,"column":6},"end":{"line":97,"column":7}},"type":"if","locations":[{"start":{"line":95,"column":6},"end":{"line":97,"column":7}},{"start":{},"end":{}}],"line":95},"10":{"loc":{"start":{"line":104,"column":15},"end":{"line":104,"column":62}},"type":"binary-expr","locations":[{"start":{"line":104,"column":15},"end":{"line":104,"column":28}},{"start":{"line":104,"column":32},"end":{"line":104,"column":62}}],"line":104},"11":{"loc":{"start":{"line":120,"column":4},"end":{"line":125,"column":5}},"type":"if","locations":[{"start":{"line":120,"column":4},"end":{"line":125,"column":5}},{"start":{},"end":{}}],"line":120},"12":{"loc":{"start":{"line":121,"column":6},"end":{"line":123,"column":7}},"type":"if","locations":[{"start":{"line":121,"column":6},"end":{"line":123,"column":7}},{"start":{},"end":{}}],"line":121},"13":{"loc":{"start":{"line":130,"column":15},"end":{"line":130,"column":62}},"type":"binary-expr","locations":[{"start":{"line":130,"column":15},"end":{"line":130,"column":28}},{"start":{"line":130,"column":32},"end":{"line":130,"column":62}}],"line":130}},"s":{"0":3,"1":5,"2":5,"3":4,"4":3,"5":1,"6":2,"7":3,"8":3,"9":3,"10":2,"11":1,"12":1,"13":2,"14":4,"15":4,"16":3,"17":2,"18":1,"19":1,"20":1,"21":3,"22":4,"23":4,"24":3,"25":2,"26":1,"27":1,"28":1,"29":3,"30":4,"31":4,"32":3,"33":2,"34":1,"35":1,"36":1,"37":3,"38":1,"39":1,"40":1},"f":{"0":5,"1":3,"2":4,"3":4,"4":4,"5":1,"6":1},"b":{"0":[1,2],"1":[1,0],"2":[3,0],"3":[1,1],"4":[2,0],"5":[2,1],"6":[1,1],"7":[3,0],"8":[2,1],"9":[1,1],"10":[3,0],"11":[2,1],"12":[1,1],"13":[3,0]},"_coverageSchema":"1a1c01bbd47fc00a2c39e90264f33305004495a9","hash":"05d8651637ce851e7f0182c13c34c1c9c6431d76"}
,"D:\\sinh vien\\Software Testing\\FLogin_Nhom5_KTPM\\frontend\\src\\utils\\productValidation.js": {"path":"D:\\sinh vien\\Software Testing\\FLogin_Nhom5_KTPM\\frontend\\src\\utils\\productValidation.js","statementMap":{"0":{"start":{"line":3,"column":25},"end":{"line":3,"column":77}},"1":{"start":{"line":6,"column":17},"end":{"line":6,"column":19}},"2":{"start":{"line":9,"column":2},"end":{"line":15,"column":3}},"3":{"start":{"line":10,"column":4},"end":{"line":10,"column":45}},"4":{"start":{"line":11,"column":9},"end":{"line":15,"column":3}},"5":{"start":{"line":12,"column":4},"end":{"line":12,"column":43}},"6":{"start":{"line":13,"column":9},"end":{"line":15,"column":3}},"7":{"start":{"line":14,"column":4},"end":{"line":14,"column":42}},"8":{"start":{"line":18,"column":2},"end":{"line":22,"column":3}},"9":{"start":{"line":19,"column":4},"end":{"line":19,"column":50}},"10":{"start":{"line":20,"column":9},"end":{"line":22,"column":3}},"11":{"start":{"line":21,"column":4},"end":{"line":21,"column":36}},"12":{"start":{"line":25,"column":2},"end":{"line":29,"column":3}},"13":{"start":{"line":26,"column":4},"end":{"line":26,"column":52}},"14":{"start":{"line":27,"column":9},"end":{"line":29,"column":3}},"15":{"start":{"line":28,"column":4},"end":{"line":28,"column":42}},"16":{"start":{"line":32,"column":2},"end":{"line":34,"column":3}},"17":{"start":{"line":33,"column":4},"end":{"line":33,"column":48}},"18":{"start":{"line":37,"column":2},"end":{"line":39,"column":3}},"19":{"start":{"line":38,"column":4},"end":{"line":38,"column":41}},"20":{"start":{"line":41,"column":2},"end":{"line":41,"column":16}}},"fnMap":{"0":{"name":"validateProduct","decl":{"start":{"line":5,"column":16},"end":{"line":5,"column":31}},"loc":{"start":{"line":5,"column":41},"end":{"line":42,"column":1}},"line":5}},"branchMap":{"0":{"loc":{"start":{"line":9,"column":2},"end":{"line":15,"column":3}},"type":"if","locations":[{"start":{"line":9,"column":2},"end":{"line":15,"column":3}},{"start":{"line":11,"column":9},"end":{"line":15,"column":3}}],"line":9},"1":{"loc":{"start":{"line":9,"column":6},"end":{"line":9,"column":49}},"type":"binary-expr","locations":[{"start":{"line":9,"column":6},"end":{"line":9,"column":19}},{"start":{"line":9,"column":23},"end":{"line":9,"column":49}}],"line":9},"2":{"loc":{"start":{"line":11,"column":9},"end":{"line":15,"column":3}},"type":"if","locations":[{"start":{"line":11,"column":9},"end":{"line":15,"column":3}},{"start":{"line":13,"column":9},"end":{"line":15,"column":3}}],"line":11},"3":{"loc":{"start":{"line":13,"column":9},"end":{"line":15,"column":3}},"type":"if","locations":[{"start":{"line":13,"column":9},"end":{"line":15,"column":3}},{"start":{},"end":{}}],"line":13},"4":{"loc":{"start":{"line":18,"column":2},"end":{"line":22,"column":3}},"type":"if","locations":[{"start":{"line":18,"column":2},"end":{"line":22,"column":3}},{"start":{"line":20,"column":9},"end":{"line":22,"column":3}}],"line":18},"5":{"loc":{"start":{"line":20,"column":9},"end":{"line":22,"column":3}},"type":"if","locations":[{"start":{"line":20,"column":9},"end":{"line":22,"column":3}},{"start":{},"end":{}}],"line":20},"6":{"loc":{"start":{"line":25,"column":2},"end":{"line":29,"column":3}},"type":"if","locations":[{"start":{"line":25,"column":2},"end":{"line":29,"column":3}},{"start":{"line":27,"column":9},"end":{"line":29,"column":3}}],"line":25},"7":{"loc":{"start":{"line":27,"column":9},"end":{"line":29,"column":3}},"type":"if","locations":[{"start":{"line":27,"column":9},"end":{"line":29,"column":3}},{"start":{},"end":{}}],"line":27},"8":{"loc":{"start":{"line":32,"column":2},"end":{"line":34,"column":3}},"type":"if","locations":[{"start":{"line":32,"column":2},"end":{"line":34,"column":3}},{"start":{},"end":{}}],"line":32},"9":{"loc":{"start":{"line":32,"column":6},"end":{"line":32,"column":61}},"type":"binary-expr","locations":[{"start":{"line":32,"column":6},"end":{"line":32,"column":25}},{"start":{"line":32,"column":29},"end":{"line":32,"column":61}}],"line":32},"10":{"loc":{"start":{"line":37,"column":2},"end":{"line":39,"column":3}},"type":"if","locations":[{"start":{"line":37,"column":2},"end":{"line":39,"column":3}},{"start":{},"end":{}}],"line":37},"11":{"loc":{"start":{"line":37,"column":6},"end":{"line":37,"column":70}},"type":"binary-expr","locations":[{"start":{"line":37,"column":6},"end":{"line":37,"column":22}},{"start":{"line":37,"column":26},"end":{"line":37,"column":70}}],"line":37}},"s":{"0":2,"1":20,"2":20,"3":4,"4":16,"5":2,"6":14,"7":1,"8":20,"9":5,"10":15,"11":1,"12":20,"13":2,"14":18,"15":1,"16":20,"17":2,"18":20,"19":1,"20":20},"f":{"0":20},"b":{"0":[4,16],"1":[20,16],"2":[2,14],"3":[1,13],"4":[5,15],"5":[1,14],"6":[2,18],"7":[1,17],"8":[2,18],"9":[20,3],"10":[1,19],"11":[20,2]},"_coverageSchema":"1a1c01bbd47fc00a2c39e90264f33305004495a9","hash":"24f035a1b791b08c3bb5b3920134b1fe0089e289"}
,"D:\\sinh vien\\Software Testing\\FLogin_Nhom5_KTPM\\frontend\\src\\utils\\validation.js": {"path":"D:\\sinh vien\\Software Testing\\FLogin_Nhom5_KTPM\\frontend\\src\\utils\\validation.js","statementMap":{"0":{"start":{"line":5,"column":2},"end":{"line":7,"column":3}},"1":{"start":{"line":6,"column":4},"end":{"line":6,"column":34}},"2":{"start":{"line":10,"column":2},"end":{"line":12,"column":3}},"3":{"start":{"line":11,"column":4},"end":{"line":11,"column":58}},"4":{"start":{"line":15,"column":2},"end":{"line":17,"column":3}},"5":{"start":{"line":16,"column":4},"end":{"line":16,"column":32}},"6":{"start":{"line":20,"column":2},"end":{"line":22,"column":3}},"7":{"start":{"line":21,"column":4},"end":{"line":21,"column":31}},"8":{"start":{"line":25,"column":23},"end":{"line":25,"column":43}},"9":{"start":{"line":26,"column":2},"end":{"line":28,"column":3}},"10":{"start":{"line":27,"column":4},"end":{"line":27,"column":50}},"11":{"start":{"line":30,"column":2},"end":{"line":30,"column":14}},"12":{"start":{"line":35,"column":2},"end":{"line":37,"column":3}},"13":{"start":{"line":36,"column":4},"end":{"line":36,"column":34}},"14":{"start":{"line":40,"column":2},"end":{"line":42,"column":3}},"15":{"start":{"line":41,"column":4},"end":{"line":41,"column":44}},"16":{"start":{"line":45,"column":2},"end":{"line":47,"column":3}},"17":{"start":{"line":46,"column":4},"end":{"line":46,"column":32}},"18":{"start":{"line":50,"column":2},"end":{"line":52,"column":3}},"19":{"start":{"line":51,"column":4},"end":{"line":51,"column":31}},"20":{"start":{"line":55,"column":20},"end":{"line":55,"column":45}},"21":{"start":{"line":56,"column":20},"end":{"line":56,"column":42}},"22":{"start":{"line":58,"column":2},"end":{"line":60,"column":3}},"23":{"start":{"line":59,"column":4},"end":{"line":59,"column":60}},"24":{"start":{"line":62,"column":2},"end":{"line":62,"column":14}}},"fnMap":{"0":{"name":"validateUsername","decl":{"start":{"line":3,"column":16},"end":{"line":3,"column":32}},"loc":{"start":{"line":3,"column":43},"end":{"line":31,"column":1}},"line":3},"1":{"name":"validatePassword","decl":{"start":{"line":33,"column":16},"end":{"line":33,"column":32}},"loc":{"start":{"line":33,"column":43},"end":{"line":63,"column":1}},"line":33}},"branchMap":{"0":{"loc":{"start":{"line":5,"column":2},"end":{"line":7,"column":3}},"type":"if","locations":[{"start":{"line":5,"column":2},"end":{"line":7,"column":3}},{"start":{},"end":{}}],"line":5},"1":{"loc":{"start":{"line":5,"column":6},"end":{"line":5,"column":41}},"type":"binary-expr","locations":[{"start":{"line":5,"column":6},"end":{"line":5,"column":15}},{"start":{"line":5,"column":19},"end":{"line":5,"column":41}}],"line":5},"2":{"loc":{"start":{"line":10,"column":2},"end":{"line":12,"column":3}},"type":"if","locations":[{"start":{"line":10,"column":2},"end":{"line":12,"column":3}},{"start":{},"end":{}}],"line":10},"3":{"loc":{"start":{"line":15,"column":2},"end":{"line":17,"column":3}},"type":"if","locations":[{"start":{"line":15,"column":2},"end":{"line":17,"column":3}},{"start":{},"end":{}}],"line":15},"4":{"loc":{"start":{"line":20,"column":2},"end":{"line":22,"column":3}},"type":"if","locations":[{"start":{"line":20,"column":2},"end":{"line":22,"column":3}},{"start":{},"end":{}}],"line":20},"5":{"loc":{"start":{"line":26,"column":2},"end":{"line":28,"column":3}},"type":"if","locations":[{"start":{"line":26,"column":2},"end":{"line":28,"column":3}},{"start":{},"end":{}}],"line":26},"6":{"loc":{"start":{"line":35,"column":2},"end":{"line":37,"column":3}},"type":"if","locations":[{"start":{"line":35,"column":2},"end":{"line":37,"column":3}},{"start":{},"end":{}}],"line":35},"7":{"loc":{"start":{"line":35,"column":6},"end":{"line":35,"column":41}},"type":"binary-expr","locations":[{"start":{"line":35,"column":6},"end":{"line":35,"column":15}},{"start":{"line":35,"column":19},"end":{"line":35,"column":41}}],"line":35},"8":{"loc":{"start":{"line":40,"column":2},"end":{"line":42,"column":3}},"type":"if","locations":[{"start":{"line":40,"column":2},"end":{"line":42,"column":3}},{"start":{},"end":{}}],"line":40},"9":{"loc":{"start":{"line":45,"column":2},"end":{"line":47,"column":3}},"type":"if","locations":[{"start":{"line":45,"column":2},"end":{"line":47,"column":3}},{"start":{},"end":{}}],"line":45},"10":{"loc":{"start":{"line":50,"column":2},"end":{"line":52,"column":3}},"type":"if","locations":[{"start":{"line":50,"column":2},"end":{"line":52,"column":3}},{"start":{},"end":{}}],"line":50},"11":{"loc":{"start":{"line":58,"column":2},"end":{"line":60,"column":3}},"type":"if","locations":[{"start":{"line":58,"column":2},"end":{"line":60,"column":3}},{"start":{},"end":{}}],"line":58},"12":{"loc":{"start":{"line":58,"column":6},"end":{"line":58,"column":30}},"type":"binary-expr","locations":[{"start":{"line":58,"column":6},"end":{"line":58,"column":16}},{"start":{"line":58,"column":20},"end":{"line":58,"column":30}}],"line":58}},"s":{"0":21,"1":4,"2":17,"3":1,"4":16,"5":2,"6":14,"7":1,"8":13,"9":13,"10":3,"11":10,"12":19,"13":4,"14":15,"15":1,"16":14,"17":2,"18":12,"19":1,"20":11,"21":11,"22":11,"23":3,"24":8},"f":{"0":21,"1":19},"b":{"0":[4,17],"1":[21,17],"2":[1,16],"3":[2,14],"4":[1,13],"5":[3,10],"6":[4,15],"7":[19,15],"8":[1,14],"9":[2,12],"10":[1,11],"11":[3,8],"12":[11,10]},"_coverageSchema":"1a1c01bbd47fc00a2c39e90264f33305004495a9","hash":"58f27d65ce76c66958313fa66312da3e585b26f9"}
}
