{"D:\\SoftwareTest\\ass2\\Doan_GK\\frontend\\src\\utils\\productValidation.js": {"path":"D:\\SoftwareTest\\ass2\\Doan_GK\\frontend\\src\\utils\\productValidation.js","statementMap":{"0":{"start":{"line":3,"column":25},"end":{"line":3,"column":77}},"1":{"start":{"line":6,"column":17},"end":{"line":6,"column":19}},"2":{"start":{"line":9,"column":2},"end":{"line":15,"column":3}},"3":{"start":{"line":10,"column":4},"end":{"line":10,"column":45}},"4":{"start":{"line":11,"column":9},"end":{"line":15,"column":3}},"5":{"start":{"line":12,"column":4},"end":{"line":12,"column":43}},"6":{"start":{"line":13,"column":9},"end":{"line":15,"column":3}},"7":{"start":{"line":14,"column":4},"end":{"line":14,"column":42}},"8":{"start":{"line":18,"column":2},"end":{"line":22,"column":3}},"9":{"start":{"line":19,"column":4},"end":{"line":19,"column":50}},"10":{"start":{"line":20,"column":9},"end":{"line":22,"column":3}},"11":{"start":{"line":21,"column":4},"end":{"line":21,"column":36}},"12":{"start":{"line":25,"column":2},"end":{"line":29,"column":3}},"13":{"start":{"line":26,"column":4},"end":{"line":26,"column":52}},"14":{"start":{"line":27,"column":9},"end":{"line":29,"column":3}},"15":{"start":{"line":28,"column":4},"end":{"line":28,"column":42}},"16":{"start":{"line":32,"column":2},"end":{"line":34,"column":3}},"17":{"start":{"line":33,"column":4},"end":{"line":33,"column":48}},"18":{"start":{"line":37,"column":2},"end":{"line":39,"column":3}},"19":{"start":{"line":38,"column":4},"end":{"line":38,"column":41}},"20":{"start":{"line":41,"column":2},"end":{"line":41,"column":16}}},"fnMap":{"0":{"name":"validateProduct","decl":{"start":{"line":5,"column":16},"end":{"line":5,"column":31}},"loc":{"start":{"line":5,"column":41},"end":{"line":42,"column":1}},"line":5}},"branchMap":{"0":{"loc":{"start":{"line":9,"column":2},"end":{"line":15,"column":3}},"type":"if","locations":[{"start":{"line":9,"column":2},"end":{"line":15,"column":3}},{"start":{"line":11,"column":9},"end":{"line":15,"column":3}}],"line":9},"1":{"loc":{"start":{"line":9,"column":6},"end":{"line":9,"column":49}},"type":"binary-expr","locations":[{"start":{"line":9,"column":6},"end":{"line":9,"column":19}},{"start":{"line":9,"column":23},"end":{"line":9,"column":49}}],"line":9},"2":{"loc":{"start":{"line":11,"column":9},"end":{"line":15,"column":3}},"type":"if","locations":[{"start":{"line":11,"column":9},"end":{"line":15,"column":3}},{"start":{"line":13,"column":9},"end":{"line":15,"column":3}}],"line":11},"3":{"loc":{"start":{"line":13,"column":9},"end":{"line":15,"column":3}},"type":"if","locations":[{"start":{"line":13,"column":9},"end":{"line":15,"column":3}},{"start":{},"end":{}}],"line":13},"4":{"loc":{"start":{"line":18,"column":2},"end":{"line":22,"column":3}},"type":"if","locations":[{"start":{"line":18,"column":2},"end":{"line":22,"column":3}},{"start":{"line":20,"column":9},"end":{"line":22,"column":3}}],"line":18},"5":{"loc":{"start":{"line":20,"column":9},"end":{"line":22,"column":3}},"type":"if","locations":[{"start":{"line":20,"column":9},"end":{"line":22,"column":3}},{"start":{},"end":{}}],"line":20},"6":{"loc":{"start":{"line":25,"column":2},"end":{"line":29,"column":3}},"type":"if","locations":[{"start":{"line":25,"column":2},"end":{"line":29,"column":3}},{"start":{"line":27,"column":9},"end":{"line":29,"column":3}}],"line":25},"7":{"loc":{"start":{"line":27,"column":9},"end":{"line":29,"column":3}},"type":"if","locations":[{"start":{"line":27,"column":9},"end":{"line":29,"column":3}},{"start":{},"end":{}}],"line":27},"8":{"loc":{"start":{"line":32,"column":2},"end":{"line":34,"column":3}},"type":"if","locations":[{"start":{"line":32,"column":2},"end":{"line":34,"column":3}},{"start":{},"end":{}}],"line":32},"9":{"loc":{"start":{"line":32,"column":6},"end":{"line":32,"column":61}},"type":"binary-expr","locations":[{"start":{"line":32,"column":6},"end":{"line":32,"column":25}},{"start":{"line":32,"column":29},"end":{"line":32,"column":61}}],"line":32},"10":{"loc":{"start":{"line":37,"column":2},"end":{"line":39,"column":3}},"type":"if","locations":[{"start":{"line":37,"column":2},"end":{"line":39,"column":3}},{"start":{},"end":{}}],"line":37},"11":{"loc":{"start":{"line":37,"column":6},"end":{"line":37,"column":70}},"type":"binary-expr","locations":[{"start":{"line":37,"column":6},"end":{"line":37,"column":22}},{"start":{"line":37,"column":26},"end":{"line":37,"column":70}}],"line":37}},"s":{"0":1,"1":11,"2":11,"3":1,"4":10,"5":1,"6":9,"7":1,"8":11,"9":2,"10":9,"11":1,"12":11,"13":1,"14":10,"15":1,"16":11,"17":1,"18":11,"19":1,"20":11},"f":{"0":11},"b":{"0":[1,10],"1":[11,10],"2":[1,9],"3":[1,8],"4":[2,9],"5":[1,8],"6":[1,10],"7":[1,9],"8":[1,10],"9":[11,2],"10":[1,10],"11":[11,2]},"_coverageSchema":"1a1c01bbd47fc00a2c39e90264f33305004495a9","hash":"da90fa7664e810431b858c1c3762afcd3c7efcc6"}
,"D:\\SoftwareTest\\ass2\\Doan_GK\\frontend\\src\\utils\\validation.js": {"path":"D:\\SoftwareTest\\ass2\\Doan_GK\\frontend\\src\\utils\\validation.js","statementMap":{"0":{"start":{"line":5,"column":2},"end":{"line":7,"column":3}},"1":{"start":{"line":6,"column":4},"end":{"line":6,"column":34}},"2":{"start":{"line":10,"column":2},"end":{"line":12,"column":3}},"3":{"start":{"line":11,"column":4},"end":{"line":11,"column":58}},"4":{"start":{"line":15,"column":2},"end":{"line":17,"column":3}},"5":{"start":{"line":16,"column":4},"end":{"line":16,"column":32}},"6":{"start":{"line":20,"column":2},"end":{"line":22,"column":3}},"7":{"start":{"line":21,"column":4},"end":{"line":21,"column":31}},"8":{"start":{"line":25,"column":23},"end":{"line":25,"column":43}},"9":{"start":{"line":26,"column":2},"end":{"line":28,"column":3}},"10":{"start":{"line":27,"column":4},"end":{"line":27,"column":50}},"11":{"start":{"line":30,"column":2},"end":{"line":30,"column":14}},"12":{"start":{"line":35,"column":2},"end":{"line":37,"column":3}},"13":{"start":{"line":36,"column":4},"end":{"line":36,"column":34}},"14":{"start":{"line":40,"column":2},"end":{"line":42,"column":3}},"15":{"start":{"line":41,"column":4},"end":{"line":41,"column":44}},"16":{"start":{"line":45,"column":2},"end":{"line":47,"column":3}},"17":{"start":{"line":46,"column":4},"end":{"line":46,"column":32}},"18":{"start":{"line":50,"column":2},"end":{"line":52,"column":3}},"19":{"start":{"line":51,"column":4},"end":{"line":51,"column":31}},"20":{"start":{"line":55,"column":20},"end":{"line":55,"column":45}},"21":{"start":{"line":56,"column":20},"end":{"line":56,"column":42}},"22":{"start":{"line":58,"column":2},"end":{"line":60,"column":3}},"23":{"start":{"line":59,"column":4},"end":{"line":59,"column":60}},"24":{"start":{"line":62,"column":2},"end":{"line":62,"column":14}}},"fnMap":{"0":{"name":"validateUsername","decl":{"start":{"line":3,"column":16},"end":{"line":3,"column":32}},"loc":{"start":{"line":3,"column":43},"end":{"line":31,"column":1}},"line":3},"1":{"name":"validatePassword","decl":{"start":{"line":33,"column":16},"end":{"line":33,"column":32}},"loc":{"start":{"line":33,"column":43},"end":{"line":63,"column":1}},"line":33}},"branchMap":{"0":{"loc":{"start":{"line":5,"column":2},"end":{"line":7,"column":3}},"type":"if","locations":[{"start":{"line":5,"column":2},"end":{"line":7,"column":3}},{"start":{},"end":{}}],"line":5},"1":{"loc":{"start":{"line":5,"column":6},"end":{"line":5,"column":41}},"type":"binary-expr","locations":[{"start":{"line":5,"column":6},"end":{"line":5,"column":15}},{"start":{"line":5,"column":19},"end":{"line":5,"column":41}}],"line":5},"2":{"loc":{"start":{"line":10,"column":2},"end":{"line":12,"column":3}},"type":"if","locations":[{"start":{"line":10,"column":2},"end":{"line":12,"column":3}},{"start":{},"end":{}}],"line":10},"3":{"loc":{"start":{"line":15,"column":2},"end":{"line":17,"column":3}},"type":"if","locations":[{"start":{"line":15,"column":2},"end":{"line":17,"column":3}},{"start":{},"end":{}}],"line":15},"4":{"loc":{"start":{"line":20,"column":2},"end":{"line":22,"column":3}},"type":"if","locations":[{"start":{"line":20,"column":2},"end":{"line":22,"column":3}},{"start":{},"end":{}}],"line":20},"5":{"loc":{"start":{"line":26,"column":2},"end":{"line":28,"column":3}},"type":"if","locations":[{"start":{"line":26,"column":2},"end":{"line":28,"column":3}},{"start":{},"end":{}}],"line":26},"6":{"loc":{"start":{"line":35,"column":2},"end":{"line":37,"column":3}},"type":"if","locations":[{"start":{"line":35,"column":2},"end":{"line":37,"column":3}},{"start":{},"end":{}}],"line":35},"7":{"loc":{"start":{"line":35,"column":6},"end":{"line":35,"column":41}},"type":"binary-expr","locations":[{"start":{"line":35,"column":6},"end":{"line":35,"column":15}},{"start":{"line":35,"column":19},"end":{"line":35,"column":41}}],"line":35},"8":{"loc":{"start":{"line":40,"column":2},"end":{"line":42,"column":3}},"type":"if","locations":[{"start":{"line":40,"column":2},"end":{"line":42,"column":3}},{"start":{},"end":{}}],"line":40},"9":{"loc":{"start":{"line":45,"column":2},"end":{"line":47,"column":3}},"type":"if","locations":[{"start":{"line":45,"column":2},"end":{"line":47,"column":3}},{"start":{},"end":{}}],"line":45},"10":{"loc":{"start":{"line":50,"column":2},"end":{"line":52,"column":3}},"type":"if","locations":[{"start":{"line":50,"column":2},"end":{"line":52,"column":3}},{"start":{},"end":{}}],"line":50},"11":{"loc":{"start":{"line":58,"column":2},"end":{"line":60,"column":3}},"type":"if","locations":[{"start":{"line":58,"column":2},"end":{"line":60,"column":3}},{"start":{},"end":{}}],"line":58},"12":{"loc":{"start":{"line":58,"column":6},"end":{"line":58,"column":30}},"type":"binary-expr","locations":[{"start":{"line":58,"column":6},"end":{"line":58,"column":16}},{"start":{"line":58,"column":20},"end":{"line":58,"column":30}}],"line":58}},"s":{"0":12,"1":1,"2":11,"3":1,"4":10,"5":1,"6":9,"7":1,"8":8,"9":8,"10":2,"11":6,"12":10,"13":1,"14":9,"15":1,"16":8,"17":1,"18":7,"19":1,"20":6,"21":6,"22":6,"23":2,"24":4},"f":{"0":12,"1":10},"b":{"0":[1,11],"1":[12,11],"2":[1,10],"3":[1,9],"4":[1,8],"5":[2,6],"6":[1,9],"7":[10,9],"8":[1,8],"9":[1,7],"10":[1,6],"11":[2,4],"12":[6,5]},"_coverageSchema":"1a1c01bbd47fc00a2c39e90264f33305004495a9","hash":"7d6ecce2836482ed7460b93e083fae94da8710a6"}
}
