TN:
SF:src\utils\productValidation.js
FN:5,validateProduct
FNF:1
FNH:1
FNDA:11,validateProduct
DA:3,1
DA:6,11
DA:9,11
DA:10,1
DA:11,10
DA:12,1
DA:13,9
DA:14,1
DA:18,11
DA:19,2
DA:20,9
DA:21,1
DA:25,11
DA:26,1
DA:27,10
DA:28,1
DA:32,11
DA:33,1
DA:37,11
DA:38,1
DA:41,11
LF:21
LH:21
BRDA:9,0,0,1
BRDA:9,0,1,10
BRDA:9,1,0,11
BRDA:9,1,1,10
BRDA:11,2,0,1
BRDA:11,2,1,9
BRDA:13,3,0,1
BRDA:13,3,1,8
BRDA:18,4,0,2
BRDA:18,4,1,9
BRDA:20,5,0,1
BRDA:20,5,1,8
BRDA:25,6,0,1
BRDA:25,6,1,10
BRDA:27,7,0,1
BRDA:27,7,1,9
BRDA:32,8,0,1
BRDA:32,8,1,10
BRDA:32,9,0,11
BRDA:32,9,1,2
BRDA:37,10,0,1
BRDA:37,10,1,10
BRDA:37,11,0,11
BRDA:37,11,1,2
BRF:24
BRH:24
end_of_record
TN:
SF:src\utils\validation.js
FN:3,validateUsername
FN:33,validatePassword
FNF:2
FNH:2
FNDA:12,validateUsername
FNDA:10,validatePassword
DA:5,12
DA:6,1
DA:10,11
DA:11,1
DA:15,10
DA:16,1
DA:20,9
DA:21,1
DA:25,8
DA:26,8
DA:27,2
DA:30,6
DA:35,10
DA:36,1
DA:40,9
DA:41,1
DA:45,8
DA:46,1
DA:50,7
DA:51,1
DA:55,6
DA:56,6
DA:58,6
DA:59,2
DA:62,4
LF:25
LH:25
BRDA:5,0,0,1
BRDA:5,0,1,11
BRDA:5,1,0,12
BRDA:5,1,1,11
BRDA:10,2,0,1
BRDA:10,2,1,10
BRDA:15,3,0,1
BRDA:15,3,1,9
BRDA:20,4,0,1
BRDA:20,4,1,8
BRDA:26,5,0,2
BRDA:26,5,1,6
BRDA:35,6,0,1
BRDA:35,6,1,9
BRDA:35,7,0,10
BRDA:35,7,1,9
BRDA:40,8,0,1
BRDA:40,8,1,8
BRDA:45,9,0,1
BRDA:45,9,1,7
BRDA:50,10,0,1
BRDA:50,10,1,6
BRDA:58,11,0,2
BRDA:58,11,1,4
BRDA:58,12,0,6
BRDA:58,12,1,5
BRF:26
BRH:26
end_of_record
