TN:
SF:src\components\Login.jsx
FN:7,Login
FN:14,(anonymous_1)
FN:60,(anonymous_2)
FN:78,(anonymous_3)
FNF:4
FNH:4
FNDA:32,Login
FNDA:9,(anonymous_1)
FNDA:7,(anonymous_2)
FNDA:6,(anonymous_3)
DA:8,32
DA:9,32
DA:10,32
DA:11,32
DA:12,32
DA:14,32
DA:15,9
DA:18,9
DA:19,9
DA:22,9
DA:23,9
DA:25,9
DA:26,8
DA:30,8
DA:34,1
DA:35,1
DA:36,1
DA:37,0
DA:38,0
DA:39,0
DA:42,1
DA:44,1
DA:48,32
DA:60,7
DA:78,6
LF:25
LH:22
BRDA:25,0,0,8
BRDA:25,0,1,1
BRDA:25,1,0,9
BRDA:25,1,1,4
BRDA:27,2,0,5
BRDA:27,2,1,3
BRDA:28,3,0,5
BRDA:28,3,1,3
BRDA:38,4,0,0
BRDA:38,4,1,0
BRDA:42,5,0,1
BRDA:42,5,1,0
BRDA:64,6,0,32
BRDA:64,6,1,6
BRDA:82,7,0,32
BRDA:82,7,1,6
BRDA:89,8,0,32
BRDA:89,8,1,0
BRDA:95,9,0,32
BRDA:95,9,1,0
BRDA:107,10,0,1
BRDA:107,10,1,31
BRF:22
BRH:17
end_of_record
TN:
SF:src\components\ProductForm.jsx
FN:7,ProductForm
FN:21,(anonymous_1)
FN:23,(anonymous_2)
FN:29,(anonymous_3)
FN:33,(anonymous_4)
FN:150,(anonymous_5)
FNF:6
FNH:6
FNDA:42,ProductForm
FNDA:22,(anonymous_1)
FNDA:22,(anonymous_2)
FNDA:1,(anonymous_3)
FNDA:9,(anonymous_4)
FNDA:210,(anonymous_5)
DA:8,42
DA:15,42
DA:16,42
DA:17,42
DA:19,42
DA:21,42
DA:22,22
DA:23,22
DA:28,22
DA:29,1
DA:33,42
DA:34,9
DA:37,9
DA:38,9
DA:41,9
DA:48,9
DA:50,9
DA:51,7
DA:52,7
DA:56,2
DA:57,2
DA:58,2
DA:59,1
DA:61,1
DA:68,1
DA:69,1
DA:72,1
DA:74,2
DA:78,42
DA:151,210
LF:30
LH:30
BRDA:28,0,0,1
BRDA:28,0,1,21
BRDA:50,1,0,7
BRDA:50,1,1,2
BRDA:68,2,0,1
BRDA:68,2,1,0
BRDA:72,3,0,1
BRDA:72,3,1,0
BRDA:94,4,0,42
BRDA:94,4,1,4
BRDA:113,5,0,42
BRDA:113,5,1,4
BRDA:132,6,0,42
BRDA:132,6,1,1
BRDA:154,7,0,42
BRDA:154,7,1,0
BRDA:173,8,0,42
BRDA:173,8,1,1
BRDA:180,9,0,42
BRDA:180,9,1,0
BRDA:186,10,0,42
BRDA:186,10,1,1
BRDA:198,11,0,2
BRDA:198,11,1,40
BRF:24
BRH:20
end_of_record
TN:
SF:src\utils\authService.js
FN:9,loginUser
FN:43,loginUserMock
FN:45,(anonymous_2)
FNF:3
FNH:3
FNDA:6,loginUser
FNDA:2,loginUserMock
FNDA:2,(anonymous_2)
DA:1,3
DA:10,6
DA:11,6
DA:19,5
DA:21,4
DA:23,3
DA:27,1
DA:34,5
DA:45,2
DA:47,2
DA:48,1
DA:54,1
LF:12
LH:12
BRDA:21,0,0,3
BRDA:21,0,1,1
BRDA:23,1,0,3
BRDA:23,1,1,1
BRDA:35,2,0,5
BRDA:35,2,1,0
BRDA:47,3,0,1
BRDA:47,3,1,1
BRDA:47,4,0,2
BRDA:47,4,1,1
BRF:10
BRH:9
end_of_record
TN:
SF:src\utils\productService.js
FN:10,createProduct
FN:38,getProducts
FN:59,getProductById
FN:84,updateProduct
FN:114,deleteProduct
FN:138,createProductMock
FN:139,(anonymous_6)
FNF:7
FNH:7
FNDA:5,createProduct
FNDA:3,getProducts
FNDA:4,getProductById
FNDA:4,updateProduct
FNDA:4,deleteProduct
FNDA:1,createProductMock
FNDA:1,(anonymous_6)
DA:3,3
DA:11,5
DA:12,5
DA:20,4
DA:22,3
DA:23,1
DA:26,2
DA:28,3
DA:39,3
DA:40,3
DA:42,2
DA:43,1
DA:46,1
DA:48,2
DA:60,4
DA:61,4
DA:63,3
DA:64,2
DA:65,1
DA:67,1
DA:70,1
DA:72,3
DA:85,4
DA:86,4
DA:94,3
DA:95,2
DA:96,1
DA:98,1
DA:101,1
DA:103,3
DA:115,4
DA:116,4
DA:120,3
DA:121,2
DA:122,1
DA:124,1
DA:127,1
DA:129,3
DA:139,1
DA:140,1
LF:40
LH:40
BRDA:22,0,0,1
BRDA:22,0,1,2
BRDA:23,1,0,1
BRDA:23,1,1,0
BRDA:29,2,0,3
BRDA:29,2,1,0
BRDA:42,3,0,1
BRDA:42,3,1,1
BRDA:49,4,0,2
BRDA:49,4,1,0
BRDA:63,5,0,2
BRDA:63,5,1,1
BRDA:64,6,0,1
BRDA:64,6,1,1
BRDA:73,7,0,3
BRDA:73,7,1,0
BRDA:94,8,0,2
BRDA:94,8,1,1
BRDA:95,9,0,1
BRDA:95,9,1,1
BRDA:104,10,0,3
BRDA:104,10,1,0
BRDA:120,11,0,2
BRDA:120,11,1,1
BRDA:121,12,0,1
BRDA:121,12,1,1
BRDA:130,13,0,3
BRDA:130,13,1,0
BRF:28
BRH:22
end_of_record
TN:
SF:src\utils\productValidation.js
FN:5,validateProduct
FNF:1
FNH:1
FNDA:20,validateProduct
DA:3,2
DA:6,20
DA:9,20
DA:10,4
DA:11,16
DA:12,2
DA:13,14
DA:14,1
DA:18,20
DA:19,5
DA:20,15
DA:21,1
DA:25,20
DA:26,2
DA:27,18
DA:28,1
DA:32,20
DA:33,2
DA:37,20
DA:38,1
DA:41,20
LF:21
LH:21
BRDA:9,0,0,4
BRDA:9,0,1,16
BRDA:9,1,0,20
BRDA:9,1,1,16
BRDA:11,2,0,2
BRDA:11,2,1,14
BRDA:13,3,0,1
BRDA:13,3,1,13
BRDA:18,4,0,5
BRDA:18,4,1,15
BRDA:20,5,0,1
BRDA:20,5,1,14
BRDA:25,6,0,2
BRDA:25,6,1,18
BRDA:27,7,0,1
BRDA:27,7,1,17
BRDA:32,8,0,2
BRDA:32,8,1,18
BRDA:32,9,0,20
BRDA:32,9,1,3
BRDA:37,10,0,1
BRDA:37,10,1,19
BRDA:37,11,0,20
BRDA:37,11,1,2
BRF:24
BRH:24
end_of_record
TN:
SF:src\utils\validation.js
FN:3,validateUsername
FN:33,validatePassword
FNF:2
FNH:2
FNDA:21,validateUsername
FNDA:19,validatePassword
DA:5,21
DA:6,4
DA:10,17
DA:11,1
DA:15,16
DA:16,2
DA:20,14
DA:21,1
DA:25,13
DA:26,13
DA:27,3
DA:30,10
DA:35,19
DA:36,4
DA:40,15
DA:41,1
DA:45,14
DA:46,2
DA:50,12
DA:51,1
DA:55,11
DA:56,11
DA:58,11
DA:59,3
DA:62,8
LF:25
LH:25
BRDA:5,0,0,4
BRDA:5,0,1,17
BRDA:5,1,0,21
BRDA:5,1,1,17
BRDA:10,2,0,1
BRDA:10,2,1,16
BRDA:15,3,0,2
BRDA:15,3,1,14
BRDA:20,4,0,1
BRDA:20,4,1,13
BRDA:26,5,0,3
BRDA:26,5,1,10
BRDA:35,6,0,4
BRDA:35,6,1,15
BRDA:35,7,0,19
BRDA:35,7,1,15
BRDA:40,8,0,1
BRDA:40,8,1,14
BRDA:45,9,0,2
BRDA:45,9,1,12
BRDA:50,10,0,1
BRDA:50,10,1,11
BRDA:58,11,0,3
BRDA:58,11,1,8
BRDA:58,12,0,11
BRDA:58,12,1,10
BRF:26
BRH:26
end_of_record
